<?xml version="1.0" encoding="UTF-8"?>
<!-- Generated by org.testng.reporters.JUnitReportReporter -->
<testsuite hostname="NBMIS-Zadid" failures="0" tests="5" name="com.qa.opencart.tests.HomePageTest" time="1.066" errors="0" timestamp="2026-06-22T16:28:39 GMT+06:00" skipped="0">
  <testcase classname="com.qa.opencart.tests.HomePageTest" name="homePageURLTest" time="0.006"/>
  <testcase classname="com.qa.opencart.tests.HomePageTest" name="homePageTitleTest" time="0.035"/>
  <testcase classname="com.qa.opencart.tests.HomePageTest" name="searchTest" time="0.259"/>
  <testcase classname="com.qa.opencart.tests.HomePageTest" name="searchTest" time="0.354"/>
  <testcase classname="com.qa.opencart.tests.HomePageTest" name="searchTest" time="0.412"/>
</testsuite> <!-- com.qa.opencart.tests.HomePageTest -->
