<?xml version="1.0" encoding="UTF-8"?>
<!-- Generated by org.testng.reporters.JUnitReportReporter -->
<testsuite hostname="NBMIS-Zadid" failures="0" tests="3" name="com.qa.opencart.tests.LoginPageTest" time="1.138" errors="0" timestamp="2026-06-23T09:39:53 GMT+06:00" skipped="0">
  <testcase classname="com.qa.opencart.tests.LoginPageTest" name="loginPageNavigationTest" time="0.508"/>
  <testcase classname="com.qa.opencart.tests.LoginPageTest" name="forgotPasswordLinkExistTest" time="0.260"/>
  <testcase classname="com.qa.opencart.tests.LoginPageTest" name="loginTest" time="0.370"/>
</testsuite> <!-- com.qa.opencart.tests.LoginPageTest -->
