<?xml version="1.0" encoding="UTF-8"?>
<!-- Generated by org.testng.reporters.JUnitReportReporter -->
<testsuite hostname="NBMIS-Zadid" failures="0" tests="3" name="com.qa.opencart.tests.LoginPageTest" time="1.043" errors="0" timestamp="2026-06-22T16:28:39 GMT+06:00" skipped="0">
  <testcase classname="com.qa.opencart.tests.LoginPageTest" name="loginPageNavigationTest" time="0.340"/>
  <testcase classname="com.qa.opencart.tests.LoginPageTest" name="forgotPasswordLinkExistTest" time="0.282"/>
  <testcase classname="com.qa.opencart.tests.LoginPageTest" name="loginTest" time="0.421"/>
</testsuite> <!-- com.qa.opencart.tests.LoginPageTest -->
