<?xml version="1.0" encoding="UTF-8"?>
<!-- Generated by org.testng.reporters.JUnitXMLReporter -->
<testsuite ignored="0" hostname="NBMIS-Zadid" failures="0" tests="5" name="Open Cart Home page test" time="6.751" errors="0" timestamp="2026-06-23T09:39:53 GMT+06:00">
  <testcase classname="com.qa.opencart.tests.HomePageTest" name="homePageTitleTest" time="0.031"/>
  <testcase classname="com.qa.opencart.tests.HomePageTest" name="homePageURLTest" time="0.001"/>
  <testcase classname="com.qa.opencart.tests.HomePageTest" name="searchTest" time="0.446"/>
  <testcase classname="com.qa.opencart.tests.HomePageTest" name="searchTest" time="0.337"/>
  <testcase classname="com.qa.opencart.tests.HomePageTest" name="searchTest" time="0.281"/>
</testsuite> <!-- Open Cart Home page test -->
