<?xml version="1.0" encoding="UTF-8"?>
<!-- Generated by org.testng.reporters.JUnitXMLReporter -->
<testsuite ignored="0" hostname="NBMIS-Zadid" failures="0" tests="3" name="Open Cart Login page test" time="7.744" errors="0" timestamp="2026-06-23T11:24:23 GMT+06:00">
  <testcase classname="com.qa.opencart.tests.LoginPageTest" name="loginPageNavigationTest" time="0.429"/>
  <testcase classname="com.qa.opencart.tests.LoginPageTest" name="forgotPasswordLinkExistTest" time="0.31"/>
  <testcase classname="com.qa.opencart.tests.LoginPageTest" name="loginTest" time="0.472"/>
</testsuite> <!-- Open Cart Login page test -->
