<?xml version="1.0" encoding="UTF-8"?>
<!-- Generated by org.testng.reporters.JUnitXMLReporter -->
<testsuite ignored="0" hostname="NBMIS-Zadid" failures="0" tests="8" name="Open Cart test page title, url and search" time="11.261" errors="0" timestamp="2026-06-22T16:28:39 GMT+06:00">
  <testcase classname="com.qa.opencart.tests.HomePageTest" name="homePageTitleTest" time="0.035"/>
  <testcase classname="com.qa.opencart.tests.HomePageTest" name="homePageURLTest" time="0.006"/>
  <testcase classname="com.qa.opencart.tests.HomePageTest" name="searchTest" time="0.412"/>
  <testcase classname="com.qa.opencart.tests.HomePageTest" name="searchTest" time="0.354"/>
  <testcase classname="com.qa.opencart.tests.HomePageTest" name="searchTest" time="0.259"/>
  <testcase classname="com.qa.opencart.tests.LoginPageTest" name="loginPageNavigationTest" time="0.34"/>
  <testcase classname="com.qa.opencart.tests.LoginPageTest" name="forgotPasswordLinkExistTest" time="0.282"/>
  <testcase classname="com.qa.opencart.tests.LoginPageTest" name="loginTest" time="0.421"/>
</testsuite> <!-- Open Cart test page title, url and search -->
