<?xml version="1.0" encoding="UTF-8"?>
<!-- Generated by org.testng.reporters.JUnitXMLReporter -->
<testsuite ignored="0" hostname="NBMIS-Zadid" failures="0" tests="3" name="Open Cart Login page test" time="6.687" errors="0" timestamp="2026-06-23T09:39:53 GMT+06:00">
  <testcase classname="com.qa.opencart.tests.LoginPageTest" name="loginPageNavigationTest" time="0.508"/>
  <testcase classname="com.qa.opencart.tests.LoginPageTest" name="forgotPasswordLinkExistTest" time="0.26"/>
  <testcase classname="com.qa.opencart.tests.LoginPageTest" name="loginTest" time="0.37"/>
</testsuite> <!-- Open Cart Login page test -->
