<?xml version="1.0" encoding="UTF-8"?>
<testng-results ignored="0" total="8" passed="8" failed="0" skipped="0">
  <reporter-output>
  </reporter-output>
  <suite started-at="2026-06-22T16:28:28 GMT+06:00" name="OpenCart Regression Test Automation Suite" finished-at="2026-06-22T16:28:39 GMT+06:00" duration-ms="11261">
    <groups>
    </groups>
    <test started-at="2026-06-22T16:28:28 GMT+06:00" name="Open Cart test page title, url and search" finished-at="2026-06-22T16:28:39 GMT+06:00" duration-ms="11261">
      <class name="com.qa.opencart.tests.HomePageTest">
        <test-method is-config="true" signature="setUp()[pri:0, instance:com.qa.opencart.tests.HomePageTest@2145b572]" started-at="2026-06-22T16:28:28 GMT+06:00" name="setUp" finished-at="2026-06-22T16:28:33 GMT+06:00" duration-ms="5582" status="PASS">
          <reporter-output>
          </reporter-output>
        </test-method> <!-- setUp -->
        <test-method signature="homePageTitleTest()[pri:0, instance:com.qa.opencart.tests.HomePageTest@2145b572]" started-at="2026-06-22T16:28:33 GMT+06:00" name="homePageTitleTest" finished-at="2026-06-22T16:28:33 GMT+06:00" duration-ms="35" status="PASS">
          <reporter-output>
          </reporter-output>
        </test-method> <!-- homePageTitleTest -->
        <test-method signature="homePageURLTest()[pri:0, instance:com.qa.opencart.tests.HomePageTest@2145b572]" started-at="2026-06-22T16:28:33 GMT+06:00" name="homePageURLTest" finished-at="2026-06-22T16:28:33 GMT+06:00" duration-ms="6" status="PASS">
          <reporter-output>
          </reporter-output>
        </test-method> <!-- homePageURLTest -->
        <test-method signature="searchTest(java.lang.String)[pri:0, instance:com.qa.opencart.tests.HomePageTest@2145b572]" started-at="2026-06-22T16:28:33 GMT+06:00" name="searchTest" data-provider="getProductData" finished-at="2026-06-22T16:28:34 GMT+06:00" duration-ms="412" status="PASS">
          <params>
            <param index="0">
              <value>
                <![CDATA[Macbook]]>
              </value>
            </param>
          </params>
          <reporter-output>
          </reporter-output>
        </test-method> <!-- searchTest -->
        <test-method signature="searchTest(java.lang.String)[pri:0, instance:com.qa.opencart.tests.HomePageTest@2145b572]" started-at="2026-06-22T16:28:34 GMT+06:00" name="searchTest" data-provider="getProductData" finished-at="2026-06-22T16:28:34 GMT+06:00" duration-ms="354" status="PASS">
          <params>
            <param index="0">
              <value>
                <![CDATA[iMac]]>
              </value>
            </param>
          </params>
          <reporter-output>
          </reporter-output>
        </test-method> <!-- searchTest -->
        <test-method signature="searchTest(java.lang.String)[pri:0, instance:com.qa.opencart.tests.HomePageTest@2145b572]" started-at="2026-06-22T16:28:34 GMT+06:00" name="searchTest" data-provider="getProductData" finished-at="2026-06-22T16:28:34 GMT+06:00" duration-ms="259" status="PASS">
          <params>
            <param index="0">
              <value>
                <![CDATA[Samsung]]>
              </value>
            </param>
          </params>
          <reporter-output>
          </reporter-output>
        </test-method> <!-- searchTest -->
        <test-method is-config="true" signature="tearDown()[pri:0, instance:com.qa.opencart.tests.HomePageTest@2145b572]" started-at="2026-06-22T16:28:34 GMT+06:00" name="tearDown" finished-at="2026-06-22T16:28:35 GMT+06:00" duration-ms="359" status="PASS">
          <reporter-output>
          </reporter-output>
        </test-method> <!-- tearDown -->
      </class> <!-- com.qa.opencart.tests.HomePageTest -->
      <class name="com.qa.opencart.tests.LoginPageTest">
        <test-method is-config="true" signature="setUp()[pri:0, instance:com.qa.opencart.tests.LoginPageTest@1cbbffcd]" started-at="2026-06-22T16:28:35 GMT+06:00" name="setUp" finished-at="2026-06-22T16:28:38 GMT+06:00" duration-ms="2774" status="PASS">
          <reporter-output>
          </reporter-output>
        </test-method> <!-- setUp -->
        <test-method signature="loginPageNavigationTest()[pri:1, instance:com.qa.opencart.tests.LoginPageTest@1cbbffcd]" started-at="2026-06-22T16:28:38 GMT+06:00" name="loginPageNavigationTest" finished-at="2026-06-22T16:28:38 GMT+06:00" duration-ms="340" status="PASS">
          <reporter-output>
          </reporter-output>
        </test-method> <!-- loginPageNavigationTest -->
        <test-method signature="forgotPasswordLinkExistTest()[pri:2, instance:com.qa.opencart.tests.LoginPageTest@1cbbffcd]" started-at="2026-06-22T16:28:38 GMT+06:00" name="forgotPasswordLinkExistTest" finished-at="2026-06-22T16:28:38 GMT+06:00" duration-ms="282" status="PASS">
          <reporter-output>
          </reporter-output>
        </test-method> <!-- forgotPasswordLinkExistTest -->
        <test-method signature="loginTest()[pri:3, instance:com.qa.opencart.tests.LoginPageTest@1cbbffcd]" started-at="2026-06-22T16:28:38 GMT+06:00" name="loginTest" finished-at="2026-06-22T16:28:39 GMT+06:00" duration-ms="421" status="PASS">
          <reporter-output>
          </reporter-output>
        </test-method> <!-- loginTest -->
        <test-method is-config="true" signature="tearDown()[pri:0, instance:com.qa.opencart.tests.LoginPageTest@1cbbffcd]" started-at="2026-06-22T16:28:39 GMT+06:00" name="tearDown" finished-at="2026-06-22T16:28:39 GMT+06:00" duration-ms="360" status="PASS">
          <reporter-output>
          </reporter-output>
        </test-method> <!-- tearDown -->
      </class> <!-- com.qa.opencart.tests.LoginPageTest -->
    </test> <!-- Open Cart test page title, url and search -->
  </suite> <!-- OpenCart Regression Test Automation Suite -->
</testng-results>
