<?xml version="1.0" encoding="UTF-8"?>
<testng-results ignored="0" total="8" passed="7" failed="1" skipped="0">
  <reporter-output>
  </reporter-output>
  <suite started-at="2026-06-23T11:24:15 GMT+06:00" name="OpenCart Regression Test Automation Suite" finished-at="2026-06-23T11:24:23 GMT+06:00" duration-ms="8407">
    <groups>
    </groups>
    <test started-at="2026-06-23T11:24:15 GMT+06:00" name="Open Cart Login page test" finished-at="2026-06-23T11:24:22 GMT+06:00" duration-ms="7744">
      <class name="com.qa.opencart.tests.LoginPageTest">
        <test-method is-config="true" signature="setUp()[pri:0, instance:com.qa.opencart.tests.LoginPageTest@514646ef]" started-at="2026-06-23T11:24:15 GMT+06:00" name="setUp" finished-at="2026-06-23T11:24:20 GMT+06:00" duration-ms="5797" status="PASS">
          <reporter-output>
          </reporter-output>
        </test-method> <!-- setUp -->
        <test-method signature="loginPageNavigationTest()[pri:1, instance:com.qa.opencart.tests.LoginPageTest@514646ef]" started-at="2026-06-23T11:24:20 GMT+06:00" name="loginPageNavigationTest" finished-at="2026-06-23T11:24:21 GMT+06:00" duration-ms="429" status="PASS">
          <reporter-output>
          </reporter-output>
        </test-method> <!-- loginPageNavigationTest -->
        <test-method signature="forgotPasswordLinkExistTest()[pri:2, instance:com.qa.opencart.tests.LoginPageTest@514646ef]" started-at="2026-06-23T11:24:21 GMT+06:00" name="forgotPasswordLinkExistTest" finished-at="2026-06-23T11:24:22 GMT+06:00" duration-ms="310" status="PASS">
          <reporter-output>
          </reporter-output>
        </test-method> <!-- forgotPasswordLinkExistTest -->
        <test-method signature="loginTest()[pri:3, instance:com.qa.opencart.tests.LoginPageTest@514646ef]" started-at="2026-06-23T11:24:22 GMT+06:00" name="loginTest" finished-at="2026-06-23T11:24:22 GMT+06:00" duration-ms="472" status="PASS">
          <reporter-output>
          </reporter-output>
        </test-method> <!-- loginTest -->
        <test-method is-config="true" signature="tearDown()[pri:0, instance:com.qa.opencart.tests.LoginPageTest@514646ef]" started-at="2026-06-23T11:24:22 GMT+06:00" name="tearDown" finished-at="2026-06-23T11:24:22 GMT+06:00" duration-ms="318" status="PASS">
          <reporter-output>
          </reporter-output>
        </test-method> <!-- tearDown -->
      </class> <!-- com.qa.opencart.tests.LoginPageTest -->
    </test> <!-- Open Cart Login page test -->
    <test started-at="2026-06-23T11:24:15 GMT+06:00" name="Open Cart Home page test" finished-at="2026-06-23T11:24:23 GMT+06:00" duration-ms="8407">
      <class name="com.qa.opencart.tests.HomePageTest">
        <test-method is-config="true" signature="setUp()[pri:0, instance:com.qa.opencart.tests.HomePageTest@1349883]" started-at="2026-06-23T11:24:15 GMT+06:00" name="setUp" finished-at="2026-06-23T11:24:20 GMT+06:00" duration-ms="5826" status="PASS">
          <reporter-output>
          </reporter-output>
        </test-method> <!-- setUp -->
        <test-method signature="homePageTitleTest()[pri:0, instance:com.qa.opencart.tests.HomePageTest@1349883]" started-at="2026-06-23T11:24:20 GMT+06:00" name="homePageTitleTest" finished-at="2026-06-23T11:24:20 GMT+06:00" duration-ms="39" status="FAIL">
          <exception class="java.lang.Error">
            <message>
              <![CDATA[Unresolved compilation problem: 
AppConstants cannot be resolved to a variable
]]>
            </message>
            <full-stacktrace>
              <![CDATA[java.lang.Error: Unresolved compilation problem: 
AppConstants cannot be resolved to a variable

at com.qa.opencart.tests.HomePageTest.homePageTitleTest(HomePageTest.java:20)
at java.base/jdk.internal.reflect.DirectMethodHandleAccessor.invoke(DirectMethodHandleAccessor.java:104)
at java.base/java.lang.reflect.Method.invoke(Method.java:565)
at org.testng.internal.invokers.MethodInvocationHelper.invokeMethod(MethodInvocationHelper.java:141)
at org.testng.internal.invokers.TestInvoker.invokeMethod(TestInvoker.java:687)
at org.testng.internal.invokers.TestInvoker.invokeTestMethod(TestInvoker.java:230)
at org.testng.internal.invokers.MethodRunner.runInSequence(MethodRunner.java:63)
at org.testng.internal.invokers.TestInvoker$MethodInvocationAgent.invoke(TestInvoker.java:995)
at org.testng.internal.invokers.TestInvoker.invokeTestMethods(TestInvoker.java:203)
at org.testng.internal.invokers.TestMethodWorker.invokeTestMethods(TestMethodWorker.java:154)
at org.testng.internal.invokers.TestMethodWorker.run(TestMethodWorker.java:134)
at java.base/java.util.ArrayList.forEach(ArrayList.java:1604)
at org.testng.TestRunner.privateRun(TestRunner.java:741)
at org.testng.TestRunner.run(TestRunner.java:616)
at org.testng.SuiteRunner.runTest(SuiteRunner.java:421)
at org.testng.SuiteRunner$SuiteWorker.run(SuiteRunner.java:463)
at org.testng.internal.thread.ThreadUtil.lambda$execute$0(ThreadUtil.java:64)
at java.base/java.util.concurrent.FutureTask.run(FutureTask.java:328)
at java.base/java.util.concurrent.ThreadPoolExecutor.runWorker(ThreadPoolExecutor.java:1090)
at java.base/java.util.concurrent.ThreadPoolExecutor$Worker.run(ThreadPoolExecutor.java:614)
at java.base/java.lang.Thread.run(Thread.java:1474)
]]>
            </full-stacktrace>
          </exception> <!-- java.lang.Error -->
          <reporter-output>
          </reporter-output>
        </test-method> <!-- homePageTitleTest -->
        <test-method signature="homePageURLTest()[pri:0, instance:com.qa.opencart.tests.HomePageTest@1349883]" started-at="2026-06-23T11:24:21 GMT+06:00" name="homePageURLTest" finished-at="2026-06-23T11:24:21 GMT+06:00" duration-ms="1" status="PASS">
          <reporter-output>
          </reporter-output>
        </test-method> <!-- homePageURLTest -->
        <test-method signature="searchTest(java.lang.String)[pri:0, instance:com.qa.opencart.tests.HomePageTest@1349883]" started-at="2026-06-23T11:24:21 GMT+06:00" name="searchTest" data-provider="getProductData" finished-at="2026-06-23T11:24:22 GMT+06:00" duration-ms="341" status="PASS">
          <params>
            <param index="0">
              <value>
                <![CDATA[Macbook]]>
              </value>
            </param>
          </params>
          <reporter-output>
          </reporter-output>
        </test-method> <!-- searchTest -->
        <test-method signature="searchTest(java.lang.String)[pri:0, instance:com.qa.opencart.tests.HomePageTest@1349883]" started-at="2026-06-23T11:24:22 GMT+06:00" name="searchTest" data-provider="getProductData" finished-at="2026-06-23T11:24:22 GMT+06:00" duration-ms="454" status="PASS">
          <params>
            <param index="0">
              <value>
                <![CDATA[iMac]]>
              </value>
            </param>
          </params>
          <reporter-output>
          </reporter-output>
        </test-method> <!-- searchTest -->
        <test-method signature="searchTest(java.lang.String)[pri:0, instance:com.qa.opencart.tests.HomePageTest@1349883]" started-at="2026-06-23T11:24:22 GMT+06:00" name="searchTest" data-provider="getProductData" finished-at="2026-06-23T11:24:22 GMT+06:00" duration-ms="320" status="PASS">
          <params>
            <param index="0">
              <value>
                <![CDATA[Samsung]]>
              </value>
            </param>
          </params>
          <reporter-output>
          </reporter-output>
        </test-method> <!-- searchTest -->
        <test-method is-config="true" signature="tearDown()[pri:0, instance:com.qa.opencart.tests.HomePageTest@1349883]" started-at="2026-06-23T11:24:23 GMT+06:00" name="tearDown" finished-at="2026-06-23T11:24:23 GMT+06:00" duration-ms="376" status="PASS">
          <reporter-output>
          </reporter-output>
        </test-method> <!-- tearDown -->
      </class> <!-- com.qa.opencart.tests.HomePageTest -->
    </test> <!-- Open Cart Home page test -->
  </suite> <!-- OpenCart Regression Test Automation Suite -->
</testng-results>
