<?xml version="1.0" encoding="UTF-8"?>
<!-- Generated by org.testng.reporters.JUnitXMLReporter -->
<testsuite ignored="0" hostname="NBMIS-Zadid" failures="0" tests="5" name="Default test" time="5.881" errors="0" timestamp="2026-06-22T12:51:37 GMT+06:00">
  <testcase classname="com.qa.opencart.tests.HomePageTest" name="homePageTitleTest" time="0.018"/>
  <testcase classname="com.qa.opencart.tests.HomePageTest" name="homePageURLTest" time="0.003"/>
  <testcase classname="com.qa.opencart.tests.HomePageTest" name="searchTest" time="0.341"/>
  <testcase classname="com.qa.opencart.tests.HomePageTest" name="searchTest" time="0.321"/>
  <testcase classname="com.qa.opencart.tests.HomePageTest" name="searchTest" time="0.288"/>
</testsuite> <!-- Default test -->
